<?xml version="1.0" encoding="UTF-8"?>
<!-- Generated by org.testng.reporters.JUnitReportReporter -->
<testsuite skipped="0" hostname="MDs-MacBook-Air.fios-router.home" name="com.Tests.AmazonHomepageTest" tests="3" failures="0" timestamp="2020-02-18T18:04:59 EST" time="14.065" errors="0">
  <testcase name="checkAmazonLogo" time="4.309" classname="com.Tests.AmazonHomepageTest"/>
  <testcase name="TotalHomePageLinks" time="4.356" classname="com.Tests.AmazonHomepageTest"/>
  <testcase name="homepageTitle" time="5.400" classname="com.Tests.AmazonHomepageTest"/>
</testsuite> <!-- com.Tests.AmazonHomepageTest -->
