<?xml version="1.0" encoding="UTF-8"?>
<!-- Generated by org.testng.reporters.JUnitReportReporter -->
<testsuite skipped="0" hostname="MDs-MacBook-Air.fios-router.home" name="com.Tests.AmazonHomepageTest" tests="3" failures="0" timestamp="2020-02-18T14:03:20 EST" time="13.444" errors="0">
  <testcase name="checkAmazonLogo" time="5.092" classname="com.Tests.AmazonHomepageTest"/>
  <testcase name="TotalHomePageLinks" time="4.168" classname="com.Tests.AmazonHomepageTest"/>
  <testcase name="homepageTitle" time="4.184" classname="com.Tests.AmazonHomepageTest"/>
</testsuite> <!-- com.Tests.AmazonHomepageTest -->
