<?xml version="1.0" encoding="UTF-8"?>
<!-- Generated by org.testng.reporters.JUnitReportReporter -->
<testsuite skipped="0" hostname="MDs-MacBook-Air.fios-router.home" name="com.Tests.AmazonHomepageTest" tests="3" failures="0" timestamp="2020-06-17T19:50:19 EDT" time="13.458" errors="0">
  <testcase name="checkAmazonLogo" time="4.093" classname="com.Tests.AmazonHomepageTest"/>
  <testcase name="TotalHomePageLinks" time="5.355" classname="com.Tests.AmazonHomepageTest"/>
  <testcase name="homepageTitle" time="4.010" classname="com.Tests.AmazonHomepageTest"/>
</testsuite> <!-- com.Tests.AmazonHomepageTest -->
